Сборка начата 03.10.2024 18:57:32.
Уровень детализации журнала: Normal.     1>Проект "D:\d\уник\3 сем\асд\5 лаба\5 лаба\5 лаба.vcxproj" в узле 2 (целевые объекты Build).
     1>InitializeBuildStatus:
         Создание "x64\Debug\5 лаба.tlog\unsuccessfulbuild", так как было задано "AlwaysCreate".
         Обращение к "x64\Debug\5 лаба.tlog\unsuccessfulbuild".
       ClCompile:
         C:\Program Files\Microsoft Visual Studio\2022\Community\VC\Tools\MSVC\14.37.32822\bin\HostX64\x64\CL.exe /c /ZI /JMC /nologo /W3 /WX- /diagnostics:column /sdl /Od /D _DEBUG /D _CONSOLE /D _UNICODE /D UNICODE /Gm- /EHsc /RTC1 /MDd /GS /fp:precise /Zc:wchar_t /Zc:forScope /Zc:inline /permissive- /Fo"x64\Debug\\" /Fd"x64\Debug\vc143.pdb" /external:W3 /Gd /TP /FC /errorReport:prompt laba05.cpp
         laba05.cpp
       Link:
         C:\Program Files\Microsoft Visual Studio\2022\Community\VC\Tools\MSVC\14.37.32822\bin\HostX64\x64\link.exe /ERRORREPORT:PROMPT /OUT:"D:\d\уник\3 сем\асд\5 лаба\5 лаба\x64\Debug\5 лаба.exe" /INCREMENTAL /ILK:"x64\Debug\5 лаба.ilk" /NOLOGO kernel32.lib user32.lib gdi32.lib winspool.lib comdlg32.lib advapi32.lib shell32.lib ole32.lib oleaut32.lib uuid.lib odbc32.lib odbccp32.lib /MANIFEST /MANIFESTUAC:"level='asInvoker' uiAccess='false'" /manifest:embed /DEBUG /PDB:"D:\d\уник\3 сем\асд\5 лаба\5 лаба\x64\Debug\5 лаба.pdb" /SUBSYSTEM:CONSOLE /TLBID:1 /DYNAMICBASE /NXCOMPAT /IMPLIB:"D:\d\уник\3 сем\асд\5 лаба\5 лаба\x64\Debug\5 лаба.lib" /MACHINE:X64 x64\Debug\Graph.obj
         x64\Debug\laba05.obj
         5 лаба.vcxproj -> D:\d\уник\3 сем\асд\5 лаба\5 лаба\x64\Debug\5 лаба.exe
       FinalizeBuildStatus:
         Файл "x64\Debug\5 лаба.tlog\unsuccessfulbuild" удаляется.
         Обращение к "x64\Debug\5 лаба.tlog\5 лаба.lastbuildstate".
     1>Сборка проекта "D:\d\уник\3 сем\асд\5 лаба\5 лаба\5 лаба.vcxproj" завершена (целевые объекты Build).

Сборка успешно завершена.
    Предупреждений: 0
    Ошибок: 0

Прошло времени 00:00:02.89
